<?xml version="1.0" encoding="UTF-8"?>
<testng-results ignored="0" total="1" passed="1" failed="0" skipped="0">
  <reporter-output>
  </reporter-output>
  <suite started-at="2023-05-16T08:44:59 IST" name="Default suite" finished-at="2023-05-16T08:45:13 IST" duration-ms="14468">
    <groups>
    </groups>
    <test started-at="2023-05-16T08:44:59 IST" name="Default test" finished-at="2023-05-16T08:45:13 IST" duration-ms="14468">
      <class name="Programs.Alertts">
        <test-method is-config="true" signature="beforeTest()[pri:0, instance:Programs.Alertts@670002]" started-at="2023-05-16T08:44:59 IST" name="beforeTest" finished-at="2023-05-16T08:45:07 IST" duration-ms="8027" status="PASS">
          <reporter-output>
          </reporter-output>
        </test-method> <!-- beforeTest -->
        <test-method signature="alertandle()[pri:0, instance:Programs.Alertts@670002]" started-at="2023-05-16T08:45:07 IST" name="alertandle" finished-at="2023-05-16T08:45:13 IST" duration-ms="6119" status="PASS">
          <reporter-output>
          </reporter-output>
        </test-method> <!-- alertandle -->
        <test-method is-config="true" signature="afterTest()[pri:0, instance:Programs.Alertts@670002]" started-at="2023-05-16T08:45:13 IST" name="afterTest" finished-at="2023-05-16T08:45:13 IST" duration-ms="262" status="PASS">
          <reporter-output>
          </reporter-output>
        </test-method> <!-- afterTest -->
      </class> <!-- Programs.Alertts -->
    </test> <!-- Default test -->
  </suite> <!-- Default suite -->
</testng-results>
